0 info it worked if it ends with ok
1 verbose cli [ 'node', '/usr/local/bin/npm', 'view', 'backbone.syphon' ]
2 info using npm@1.3.24
3 info using node@v0.10.25
4 verbose url raw backbone.syphon
5 verbose url resolving [ 'https://registry.npmjs.org/', './backbone.syphon' ]
6 verbose url resolved https://registry.npmjs.org/backbone.syphon
7 info trying registry request attempt 1 at 18:23:15
8 http GET https://registry.npmjs.org/backbone.syphon
9 http 404 https://registry.npmjs.org/backbone.syphon
10 silly registry.get cb [ 404,
10 silly registry.get   { date: 'Mon, 10 Mar 2014 17:23:16 GMT',
10 silly registry.get     server: 'CouchDB/1.5.0 (Erlang OTP/R16B)',
10 silly registry.get     'content-type': 'application/json',
10 silly registry.get     via: '1.1 varnish',
10 silly registry.get     'cache-control': 'max-age=0',
10 silly registry.get     'content-length': '52',
10 silly registry.get     'accept-ranges': 'bytes',
10 silly registry.get     age: '0',
10 silly registry.get     'x-served-by': 'cache-v42-ASH, cache-fra1226-FRA',
10 silly registry.get     'x-cache': 'MISS, MISS',
10 silly registry.get     'x-cache-hits': '0, 0',
10 silly registry.get     'x-timer': 'S1394472196.178216219,VS0,VS-503,VE-473,VE129',
10 silly registry.get     'keep-alive': 'timeout=10, max=50',
10 silly registry.get     connection: 'Keep-Alive' } ]
11 error 404 'backbone.syphon' is not in the npm registry.
11 error 404 You should bug the author to publish it
11 error 404
11 error 404 Note that you can also install from a
11 error 404 tarball, folder, or http url, or git url.
12 error System Darwin 13.0.0
13 error command "node" "/usr/local/bin/npm" "view" "backbone.syphon"
14 error cwd /Users/jont/github/ConDep.Web
15 error node -v v0.10.25
16 error npm -v 1.3.24
17 error code E404
18 verbose exit [ 1, true ]
